<?xml version="1.0" encoding="UTF-8"?>
<!-- Generated by org.testng.reporters.JUnitReportReporter -->
<testsuite skipped="0" hostname="LAPTOP-M7N59OJH" name="Test.Day2" tests="4" failures="0" timestamp="13 mar 2019 04:53:58 GMT" time="0.014" errors="0">
  <testcase name="Model" time="0.005" classname="Test.Day2"/>
  <testcase name="Year" time="0.000" classname="Test.Day2"/>
  <testcase name="Version" time="0.000" classname="Test.Day2"/>
  <testcase name="Car" time="0.009" classname="Test.Day2"/>
</testsuite> <!-- Test.Day2 -->
