<?xml version="1.0" encoding="UTF-8"?>
<!-- Generated by org.testng.reporters.JUnitReportReporter -->
<testsuite skipped="0" hostname="TDG-MBL-GDL623" name="Test.Day4" tests="1" failures="0" timestamp="11 Mar 2019 22:56:54 GMT" time="0.000" errors="0">
  <testcase name="APITest" time="0.000" classname="Test.Day4"/>
</testsuite> <!-- Test.Day4 -->
