<?xml version="1.0" encoding="UTF-8"?>
<!-- Generated by org.testng.reporters.JUnitReportReporter -->
<testsuite skipped="0" hostname="LAPTOP-M7N59OJH" name="Test.Day4" tests="3" failures="0" timestamp="13 mar 2019 04:53:58 GMT" time="0.000" errors="0">
  <testcase name="MobileTest" time="0.000" classname="Test.Day4"/>
  <testcase name="APITest" time="0.000" classname="Test.Day4"/>
  <testcase name="WebTest" time="0.000" classname="Test.Day4"/>
</testsuite> <!-- Test.Day4 -->
