<?xml version="1.0" encoding="UTF-8"?>
<!-- Generated by org.testng.reporters.JUnitReportReporter -->
<testsuite skipped="0" hostname="LAPTOP-M7N59OJH" name="Test.Day7" tests="3" failures="0" timestamp="13 mar 2019 04:53:58 GMT" time="0.020" errors="0">
  <testcase name="Data" time="0.015" classname="Test.Day7"/>
  <testcase name="Data" time="0.002" classname="Test.Day7"/>
  <testcase name="Data" time="0.003" classname="Test.Day7"/>
</testsuite> <!-- Test.Day7 -->
