<?xml version="1.0" encoding="UTF-8"?>
<!-- Generated by org.testng.reporters.JUnitReportReporter -->
<testsuite skipped="0" hostname="TDG-MBL-GDL623" name="Test.Day5" tests="2" failures="0" timestamp="12 Mar 2019 16:15:39 GMT" time="0.000" errors="0">
  <testcase name="Message" time="0.000" classname="Test.Day5"/>
  <testcase name="Welcome" time="0.000" classname="Test.Day5"/>
</testsuite> <!-- Test.Day5 -->
