<?xml version="1.0" encoding="UTF-8"?>
<!-- Generated by org.testng.reporters.JUnitReportReporter -->
<testsuite skipped="0" hostname="TDG-MBL-GDL623" name="Test.Day1" tests="4" failures="0" timestamp="12 Mar 2019 16:15:39 GMT" time="0.016" errors="0">
  <testcase name="Birthday" time="0.016" classname="Test.Day1"/>
  <testcase name="LastName" time="0.000" classname="Test.Day1"/>
  <testcase name="Age" time="0.000" classname="Test.Day1"/>
  <testcase name="Name" time="0.000" classname="Test.Day1"/>
</testsuite> <!-- Test.Day1 -->
