<?xml version="1.0" encoding="UTF-8"?>
<!-- Generated by org.testng.reporters.JUnitReportReporter -->
<testsuite skipped="0" hostname="TDG-MBL-GDL623" name="Test.Day7" tests="3" failures="0" timestamp="12 Mar 2019 22:37:50 GMT" time="0.010" errors="0">
  <testcase name="Data" time="0.010" classname="Test.Day7"/>
  <testcase name="Data" time="0.000" classname="Test.Day7"/>
  <testcase name="Data" time="0.000" classname="Test.Day7"/>
</testsuite> <!-- Test.Day7 -->
