<?xml version="1.0" encoding="UTF-8"?>
<!-- Generated by org.testng.reporters.JUnitReportReporter -->
<testsuite skipped="0" hostname="LAPTOP-M7N59OJH" name="Test.Day6" tests="1" failures="0" timestamp="13 mar 2019 15:09:00 GMT" time="0.003" errors="0">
  <testcase name="LogInSite" time="0.003" classname="Test.Day6"/>
</testsuite> <!-- Test.Day6 -->
