<?xml version="1.0" encoding="UTF-8"?>
<!-- Generated by org.testng.reporters.JUnitReportReporter -->
<testsuite skipped="0" hostname="LAPTOP-M7N59OJH" name="Test.Day3" tests="7" failures="0" timestamp="13 mar 2019 15:09:00 GMT" time="0.009" errors="0">
  <testcase name="MobileVerification" time="0.001" classname="Test.Day3"/>
  <testcase name="WebPage" time="0.001" classname="Test.Day3"/>
  <testcase name="MobileReports" time="0.001" classname="Test.Day3"/>
  <testcase name="MobileSignIn" time="0.002" classname="Test.Day3"/>
  <testcase name="APIPage" time="0.001" classname="Test.Day3"/>
  <testcase name="MobileSignOff" time="0.001" classname="Test.Day3"/>
  <testcase name="MobilePage" time="0.002" classname="Test.Day3"/>
</testsuite> <!-- Test.Day3 -->
