<?xml version="1.0" encoding="UTF-8"?>
<!-- Generated by org.testng.reporters.JUnitReportReporter -->
<testsuite skipped="0" hostname="TDG-MBL-GDL623" name="Test.Day1" tests="4" failures="0" timestamp="11 Mar 2019 18:22:29 GMT" time="0.013" errors="0">
  <testcase name="Age" time="0.010" classname="Test.Day1"/>
  <testcase name="LastName" time="0.000" classname="Test.Day1"/>
  <testcase name="Birthday" time="0.002" classname="Test.Day1"/>
  <testcase name="Name" time="0.001" classname="Test.Day1"/>
</testsuite> <!-- Test.Day1 -->
