<?xml version="1.0" encoding="UTF-8"?>
<!-- Generated by org.testng.reporters.JUnitReportReporter -->
<testsuite skipped="0" hostname="LAPTOP-M7N59OJH" name="Test.Day5" tests="2" failures="0" timestamp="13 mar 2019 15:09:00 GMT" time="0.002" errors="0">
  <testcase name="Welcome" time="0.001" classname="Test.Day5"/>
  <testcase name="Message" time="0.001" classname="Test.Day5"/>
</testsuite> <!-- Test.Day5 -->
