<?xml version="1.0" encoding="UTF-8"?>
<!-- Generated by org.testng.reporters.JUnitReportReporter -->
<testsuite skipped="0" hostname="TDG-MBL-GDL623" name="Test.Day4" tests="3" failures="0" timestamp="11 Mar 2019 18:22:29 GMT" time="0.001" errors="0">
  <testcase name="MobileTest" time="0.000" classname="Test.Day4"/>
  <testcase name="WebTest" time="0.001" classname="Test.Day4"/>
  <testcase name="Birthday" time="0.000" classname="Test.Day4"/>
</testsuite> <!-- Test.Day4 -->
