<?xml version="1.0" encoding="UTF-8"?>
<!-- Generated by org.testng.reporters.JUnitReportReporter -->
<testsuite skipped="0" hostname="TDG-MBL-GDL623" name="Test.Day3" tests="3" failures="0" timestamp="11 Mar 2019 18:22:29 GMT" time="0.003" errors="0">
  <testcase name="APIPage" time="0.001" classname="Test.Day3"/>
  <testcase name="MobilePage" time="0.001" classname="Test.Day3"/>
  <testcase name="WebPage" time="0.001" classname="Test.Day3"/>
</testsuite> <!-- Test.Day3 -->
