<?xml version="1.0" encoding="UTF-8"?>
<!-- Generated by org.testng.reporters.JUnitReportReporter -->
<testsuite skipped="0" hostname="TDG-MBL-GDL623" name="Test.Day2" tests="4" failures="0" timestamp="12 Mar 2019 17:25:34 GMT" time="0.016" errors="0">
  <testcase name="Version" time="0.000" classname="Test.Day2"/>
  <testcase name="Car" time="0.016" classname="Test.Day2"/>
  <testcase name="Model" time="0.000" classname="Test.Day2"/>
  <testcase name="Year" time="0.000" classname="Test.Day2"/>
</testsuite> <!-- Test.Day2 -->
