<?xml version="1.0" encoding="UTF-8"?>
<!-- Generated by org.testng.reporters.JUnitReportReporter -->
<testsuite skipped="0" hostname="LAPTOP-M7N59OJH" name="Test.Day1" tests="4" failures="0" timestamp="13 mar 2019 04:53:58 GMT" time="0.012" errors="0">
  <testcase name="Name" time="0.003" classname="Test.Day1"/>
  <testcase name="Birthday" time="0.001" classname="Test.Day1"/>
  <testcase name="LastName" time="0.004" classname="Test.Day1"/>
  <testcase name="Age" time="0.004" classname="Test.Day1"/>
</testsuite> <!-- Test.Day1 -->
