<?xml version="1.0" encoding="UTF-8"?>
<!-- Generated by org.testng.reporters.JUnitReportReporter -->
<testsuite skipped="0" hostname="TDG-MBL-GDL623" name="Test.Day6" tests="1" failures="0" timestamp="12 Mar 2019 18:42:23 GMT" time="0.022" errors="0">
  <testcase name="LogInSite" time="0.022" classname="Test.Day6"/>
</testsuite> <!-- Test.Day6 -->
