<?xml version="1.0" encoding="UTF-8"?>
<!-- Generated by org.testng.reporters.JUnitReportReporter -->
<testsuite skipped="0" hostname="LAPTOP-M7N59OJH" name="Test.Day2" tests="4" failures="0" timestamp="13 mar 2019 15:09:00 GMT" time="0.013" errors="0">
  <testcase name="Version" time="0.004" classname="Test.Day2"/>
  <testcase name="Year" time="0.001" classname="Test.Day2"/>
  <testcase name="Car" time="0.007" classname="Test.Day2"/>
  <testcase name="Model" time="0.001" classname="Test.Day2"/>
</testsuite> <!-- Test.Day2 -->
